<?xml version="1.0" encoding="UTF-8"?>
<!-- Generated by org.testng.reporters.JUnitReportReporter -->
<testsuite hostname="DESKTOP-OBBE7FA" failures="0" tests="1" name="runnerLogin.TestRunner" time="9.612" errors="0" timestamp="2024-06-12T05:24:33 IST" skipped="0">
  <testcase classname="runnerLogin.TestRunner" name="runScenario" time="9.612"/>
  <system-out/>
</testsuite> <!-- runnerLogin.TestRunner -->
